<?xml version="1.0" encoding="UTF-8"?>
<!-- Generated by org.testng.reporters.JUnitReportReporter -->
<testsuite skipped="0" hostname="DESKTOP-Q89NLI0" name="nopcommerce.TestScripts.Nopcommerce_US001_TC004" tests="1" failures="0" timestamp="27 May 2020 13:23:40 GMT" time="6.549" errors="0">
  <testcase name="Login_Test" time="6.549" classname="nopcommerce.TestScripts.Nopcommerce_US001_TC004"/>
</testsuite> <!-- nopcommerce.TestScripts.Nopcommerce_US001_TC004 -->
